2026-03-24 11:51:14,631 : INFO : root : Loading config.
2026-03-24 11:51:14,632 : INFO : YamlMultifileConfigLoader : Machine config file #1: config.yaml
2026-03-24 11:51:14,632 : INFO : ConfigProcessor : Loading config from file /Users/kevin/Library/Python/3.11/lib/python/site-packages/mpf/mpfconfig.yaml.
2026-03-24 11:51:14,635 : INFO : ConfigProcessor : Loading config: /Users/kevin/Library/Python/3.11/lib/python/site-packages/mpf/mpfconfig.yaml
2026-03-24 11:51:14,635 : INFO : ConfigProcessor : Loading config from file /Users/kevin/Documents/antigravity_workspace/MPF_Joust_0.80.0/config/config.yaml.
2026-03-24 11:51:14,643 : INFO : ConfigProcessor : Loading config: /Users/kevin/Documents/antigravity_workspace/MPF_Joust_0.80.0/config/config.yaml
2026-03-24 11:51:14,647 : INFO : ConfigProcessor : Loading config: /Users/kevin/Documents/antigravity_workspace/MPF_Joust_0.80.0/config/neoSeg_0.yaml
2026-03-24 11:51:14,649 : INFO : ConfigProcessor : Loading config: /Users/kevin/Documents/antigravity_workspace/MPF_Joust_0.80.0/config/neoSeg_2dig_0.yaml
2026-03-24 11:51:14,652 : INFO : ConfigProcessor : Loading config: /Users/kevin/Documents/antigravity_workspace/MPF_Joust_0.80.0/config/neoSeg_2dig_1.yaml
2026-03-24 11:51:14,657 : INFO : ConfigProcessor : Loading config: /Users/kevin/Documents/antigravity_workspace/MPF_Joust_0.80.0/config/neoSeg_1.yaml
2026-03-24 11:51:14,660 : INFO : ConfigProcessor : Loading config: /Users/kevin/Documents/antigravity_workspace/MPF_Joust_0.80.0/config/neoSeg_2dig_2.yaml
2026-03-24 11:51:14,663 : INFO : ConfigProcessor : Loading config: /Users/kevin/Documents/antigravity_workspace/MPF_Joust_0.80.0/config/neoSeg_2dig_3.yaml
2026-03-24 11:51:14,668 : INFO : ConfigProcessor : Loading config: /Users/kevin/Documents/antigravity_workspace/MPF_Joust_0.80.0/config/cabinet_lights.yaml
2026-03-24 11:51:14,671 : INFO : ConfigProcessor : Config file cache created: /var/folders/00/ylwc4t4x1nbgf6x1wcdqzzr00000gn/T/6ef940c6ab7b0c2f59ebf5d38ad480c3.mpf_cache
2026-03-24 11:51:14,695 : INFO : ConfigProcessor : Loading config from file /Users/kevin/Library/Python/3.11/lib/python/site-packages/mpf/modes/attract/config/attract.yaml.
2026-03-24 11:51:14,695 : INFO : ConfigProcessor : Loading config: /Users/kevin/Library/Python/3.11/lib/python/site-packages/mpf/modes/attract/config/attract.yaml
2026-03-24 11:51:14,695 : INFO : ConfigProcessor : Loading config from file /Users/kevin/Documents/antigravity_workspace/MPF_Joust_0.80.0/modes/attract/config/attract.yaml.
2026-03-24 11:51:14,696 : INFO : ConfigProcessor : Loading config: /Users/kevin/Documents/antigravity_workspace/MPF_Joust_0.80.0/modes/attract/config/attract.yaml
2026-03-24 11:51:14,696 : INFO : ConfigProcessor : Config file cache created: /var/folders/00/ylwc4t4x1nbgf6x1wcdqzzr00000gn/T/5b21d643bbcfa2c42442c434f22cd97d.mpf_cache
2026-03-24 11:51:14,696 : INFO : ConfigProcessor : Loading config from file /Users/kevin/Library/Python/3.11/lib/python/site-packages/mpf/modes/game/config/game.yaml.
2026-03-24 11:51:14,696 : INFO : ConfigProcessor : Loading config: /Users/kevin/Library/Python/3.11/lib/python/site-packages/mpf/modes/game/config/game.yaml
2026-03-24 11:51:14,697 : INFO : ConfigProcessor : Loading config from file /Users/kevin/Documents/antigravity_workspace/MPF_Joust_0.80.0/modes/game/config/game.yaml.
2026-03-24 11:51:14,697 : INFO : ConfigProcessor : Loading config: /Users/kevin/Documents/antigravity_workspace/MPF_Joust_0.80.0/modes/game/config/game.yaml
2026-03-24 11:51:14,697 : INFO : ConfigProcessor : Config file cache created: /var/folders/00/ylwc4t4x1nbgf6x1wcdqzzr00000gn/T/e766ef15c8ebb8a88437d16361e294d9.mpf_cache
2026-03-24 11:51:14,697 : INFO : ConfigProcessor : Loading config from file /Users/kevin/Library/Python/3.11/lib/python/site-packages/mpf/modes/tilt/config/tilt.yaml.
2026-03-24 11:51:14,697 : INFO : ConfigProcessor : Loading config: /Users/kevin/Library/Python/3.11/lib/python/site-packages/mpf/modes/tilt/config/tilt.yaml
2026-03-24 11:51:14,697 : INFO : ConfigProcessor : Config file cache created: /var/folders/00/ylwc4t4x1nbgf6x1wcdqzzr00000gn/T/d2576bce98d56952440cbe709c7f6e8c.mpf_cache
2026-03-24 11:51:14,698 : INFO : ConfigProcessor : Loading config from file /Users/kevin/Documents/antigravity_workspace/MPF_Joust_0.80.0/modes/1st_launch_delay/config/1st_launch_delay.yaml.
2026-03-24 11:51:14,698 : INFO : ConfigProcessor : Loading config: /Users/kevin/Documents/antigravity_workspace/MPF_Joust_0.80.0/modes/1st_launch_delay/config/1st_launch_delay.yaml
2026-03-24 11:51:14,699 : INFO : ConfigProcessor : Config file cache created: /var/folders/00/ylwc4t4x1nbgf6x1wcdqzzr00000gn/T/b9a2bd5c5abb74ce31c65de2d269b227.mpf_cache
2026-03-24 11:51:14,699 : INFO : ConfigProcessor : Loading config from cache: /var/folders/00/ylwc4t4x1nbgf6x1wcdqzzr00000gn/T/5b21d643bbcfa2c42442c434f22cd97d.mpf_cache
2026-03-24 11:51:14,699 : INFO : ConfigProcessor : Loading config from file /Users/kevin/Documents/antigravity_workspace/MPF_Joust_0.80.0/modes/base/config/base.yaml.
2026-03-24 11:51:14,699 : INFO : ConfigProcessor : Loading config: /Users/kevin/Documents/antigravity_workspace/MPF_Joust_0.80.0/modes/base/config/base.yaml
2026-03-24 11:51:14,699 : INFO : ConfigProcessor : Config file cache created: /var/folders/00/ylwc4t4x1nbgf6x1wcdqzzr00000gn/T/f01e7b7fca6ca9107a6e148beb0bb465.mpf_cache
2026-03-24 11:51:14,700 : INFO : ConfigProcessor : Loading config from file /Users/kevin/Documents/antigravity_workspace/MPF_Joust_0.80.0/modes/carousel/config/carousel.yaml.
2026-03-24 11:51:14,702 : INFO : ConfigProcessor : Loading config: /Users/kevin/Documents/antigravity_workspace/MPF_Joust_0.80.0/modes/carousel/config/carousel.yaml
2026-03-24 11:51:14,702 : INFO : ConfigProcessor : Config file cache created: /var/folders/00/ylwc4t4x1nbgf6x1wcdqzzr00000gn/T/186a879ba6a26b18395149aba63a2c98.mpf_cache
2026-03-24 11:51:14,702 : INFO : ConfigProcessor : Loading config from file /Users/kevin/Documents/antigravity_workspace/MPF_Joust_0.80.0/modes/co-op/config/co-op.yaml.
2026-03-24 11:51:14,703 : INFO : ConfigProcessor : Loading config: /Users/kevin/Documents/antigravity_workspace/MPF_Joust_0.80.0/modes/co-op/config/co-op.yaml
2026-03-24 11:51:14,703 : INFO : ConfigProcessor : Config file cache created: /var/folders/00/ylwc4t4x1nbgf6x1wcdqzzr00000gn/T/1647016ef881cb2deaa01d07ae5b713e.mpf_cache
2026-03-24 11:51:14,703 : INFO : ConfigProcessor : Loading config from file /Users/kevin/Documents/antigravity_workspace/MPF_Joust_0.80.0/modes/double_player/config/double_player.yaml.
2026-03-24 11:51:14,704 : INFO : ConfigProcessor : Loading config: /Users/kevin/Documents/antigravity_workspace/MPF_Joust_0.80.0/modes/double_player/config/double_player.yaml
2026-03-24 11:51:14,704 : INFO : ConfigProcessor : Config file cache created: /var/folders/00/ylwc4t4x1nbgf6x1wcdqzzr00000gn/T/d43033dd3e9a3733435930382b6fbc49.mpf_cache
2026-03-24 11:51:14,704 : INFO : ConfigProcessor : Loading config from file /Users/kevin/Documents/antigravity_workspace/MPF_Joust_0.80.0/modes/egg_bonus/config/egg_bonus.yaml.
2026-03-24 11:51:14,709 : INFO : ConfigProcessor : Loading config: /Users/kevin/Documents/antigravity_workspace/MPF_Joust_0.80.0/modes/egg_bonus/config/egg_bonus.yaml
2026-03-24 11:51:14,710 : INFO : ConfigProcessor : Config file cache created: /var/folders/00/ylwc4t4x1nbgf6x1wcdqzzr00000gn/T/b355e365b6b2c84f432b447fce69a822.mpf_cache
2026-03-24 11:51:14,710 : INFO : ConfigProcessor : Loading config from file /Users/kevin/Documents/antigravity_workspace/MPF_Joust_0.80.0/modes/egg_bonus_tally/config/egg_bonus_tally.yaml.
2026-03-24 11:51:14,711 : INFO : ConfigProcessor : Loading config: /Users/kevin/Documents/antigravity_workspace/MPF_Joust_0.80.0/modes/egg_bonus_tally/config/egg_bonus_tally.yaml
2026-03-24 11:51:14,711 : INFO : ConfigProcessor : Config file cache created: /var/folders/00/ylwc4t4x1nbgf6x1wcdqzzr00000gn/T/66ec8774fc541c7ee1a2e06f5c777bf0.mpf_cache
2026-03-24 11:51:14,711 : INFO : ConfigProcessor : Loading config from cache: /var/folders/00/ylwc4t4x1nbgf6x1wcdqzzr00000gn/T/e766ef15c8ebb8a88437d16361e294d9.mpf_cache
2026-03-24 11:51:14,711 : INFO : ConfigProcessor : Loading config from file /Users/kevin/Documents/antigravity_workspace/MPF_Joust_0.80.0/modes/hunter/config/hunter.yaml.
2026-03-24 11:51:14,712 : INFO : ConfigProcessor : Loading config: /Users/kevin/Documents/antigravity_workspace/MPF_Joust_0.80.0/modes/hunter/config/hunter.yaml
2026-03-24 11:51:14,712 : INFO : ConfigProcessor : Config file cache created: /var/folders/00/ylwc4t4x1nbgf6x1wcdqzzr00000gn/T/645a4979106e77b2868f32095efbe7b2.mpf_cache
2026-03-24 11:51:14,712 : INFO : ConfigProcessor : Loading config from file /Users/kevin/Documents/antigravity_workspace/MPF_Joust_0.80.0/modes/l_3bank/config/l_3bank.yaml.
2026-03-24 11:51:14,713 : INFO : ConfigProcessor : Loading config: /Users/kevin/Documents/antigravity_workspace/MPF_Joust_0.80.0/modes/l_3bank/config/l_3bank.yaml
2026-03-24 11:51:14,714 : INFO : ConfigProcessor : Config file cache created: /var/folders/00/ylwc4t4x1nbgf6x1wcdqzzr00000gn/T/9ddb3694027906a9cf750714782c2a12.mpf_cache
2026-03-24 11:51:14,714 : INFO : ConfigProcessor : Loading config from file /Users/kevin/Documents/antigravity_workspace/MPF_Joust_0.80.0/modes/lavapit/config/lavapit.yaml.
2026-03-24 11:51:14,714 : INFO : ConfigProcessor : Loading config: /Users/kevin/Documents/antigravity_workspace/MPF_Joust_0.80.0/modes/lavapit/config/lavapit.yaml
2026-03-24 11:51:14,715 : INFO : ConfigProcessor : Config file cache created: /var/folders/00/ylwc4t4x1nbgf6x1wcdqzzr00000gn/T/31eaf118d9d3470795b16324c2006e3b.mpf_cache
2026-03-24 11:51:14,715 : INFO : ConfigProcessor : Loading config from file /Users/kevin/Documents/antigravity_workspace/MPF_Joust_0.80.0/modes/r_3bank/config/r_3bank.yaml.
2026-03-24 11:51:14,716 : INFO : ConfigProcessor : Loading config: /Users/kevin/Documents/antigravity_workspace/MPF_Joust_0.80.0/modes/r_3bank/config/r_3bank.yaml
2026-03-24 11:51:14,716 : INFO : ConfigProcessor : Config file cache created: /var/folders/00/ylwc4t4x1nbgf6x1wcdqzzr00000gn/T/1302f1cce46838a9a7177aeeb95b2e4e.mpf_cache
2026-03-24 11:51:14,717 : INFO : ConfigProcessor : Loading config from file /Users/kevin/Documents/antigravity_workspace/MPF_Joust_0.80.0/modes/round1end/config/round1end.yaml.
2026-03-24 11:51:14,717 : INFO : ConfigProcessor : Loading config: /Users/kevin/Documents/antigravity_workspace/MPF_Joust_0.80.0/modes/round1end/config/round1end.yaml
2026-03-24 11:51:14,717 : INFO : ConfigProcessor : Config file cache created: /var/folders/00/ylwc4t4x1nbgf6x1wcdqzzr00000gn/T/c1c566257c1b838d13982180df722eb6.mpf_cache
2026-03-24 11:51:14,717 : INFO : ConfigProcessor : Loading config from file /Users/kevin/Documents/antigravity_workspace/MPF_Joust_0.80.0/modes/round2end/config/round2end.yaml.
2026-03-24 11:51:14,718 : INFO : ConfigProcessor : Loading config: /Users/kevin/Documents/antigravity_workspace/MPF_Joust_0.80.0/modes/round2end/config/round2end.yaml
2026-03-24 11:51:14,718 : INFO : ConfigProcessor : Config file cache created: /var/folders/00/ylwc4t4x1nbgf6x1wcdqzzr00000gn/T/4da8cfef71155e21eaa05d6e13abf7e2.mpf_cache
2026-03-24 11:51:14,718 : INFO : ConfigProcessor : Loading config from file /Users/kevin/Documents/antigravity_workspace/MPF_Joust_0.80.0/modes/single_player/config/single_player.yaml.
2026-03-24 11:51:14,719 : INFO : ConfigProcessor : Loading config: /Users/kevin/Documents/antigravity_workspace/MPF_Joust_0.80.0/modes/single_player/config/single_player.yaml
2026-03-24 11:51:14,719 : INFO : ConfigProcessor : Config file cache created: /var/folders/00/ylwc4t4x1nbgf6x1wcdqzzr00000gn/T/3adf31510a21ae15ce8a3ff00711734a.mpf_cache
2026-03-24 11:51:14,719 : INFO : ConfigProcessor : Loading config from file /Users/kevin/Documents/antigravity_workspace/MPF_Joust_0.80.0/modes/single_player_1ball/config/single_player_1ball.yaml.
2026-03-24 11:51:14,719 : INFO : ConfigProcessor : Loading config: /Users/kevin/Documents/antigravity_workspace/MPF_Joust_0.80.0/modes/single_player_1ball/config/single_player_1ball.yaml
2026-03-24 11:51:14,719 : INFO : ConfigProcessor : Config file cache created: /var/folders/00/ylwc4t4x1nbgf6x1wcdqzzr00000gn/T/1c5f7604b6bde53e223f8e9bb4958d4b.mpf_cache
2026-03-24 11:51:14,720 : INFO : ConfigProcessor : Loading config from file /Users/kevin/Documents/antigravity_workspace/MPF_Joust_0.80.0/modes/single_player_1st_launch_delay/config/single_player_1st_launch_delay.yaml.
2026-03-24 11:51:14,720 : INFO : ConfigProcessor : Loading config: /Users/kevin/Documents/antigravity_workspace/MPF_Joust_0.80.0/modes/single_player_1st_launch_delay/config/single_player_1st_launch_delay.yaml
2026-03-24 11:51:14,721 : INFO : ConfigProcessor : Config file cache created: /var/folders/00/ylwc4t4x1nbgf6x1wcdqzzr00000gn/T/331be268843d78be71fff2bc8176e41b.mpf_cache
2026-03-24 11:51:14,721 : INFO : ConfigProcessor : Loading config from file /Users/kevin/Documents/antigravity_workspace/MPF_Joust_0.80.0/modes/target_tunnel/config/target_tunnel.yaml.
2026-03-24 11:51:14,722 : INFO : ConfigProcessor : Loading config: /Users/kevin/Documents/antigravity_workspace/MPF_Joust_0.80.0/modes/target_tunnel/config/target_tunnel.yaml
2026-03-24 11:51:14,722 : WARNING : ConfigProcessor : Config section 'sound_pools' is deprecated in MPF 0.80 and will be unsupported in future versions. Please migrate this config to GMC.
2026-03-24 11:51:14,722 : INFO : ConfigProcessor : Config file cache created: /var/folders/00/ylwc4t4x1nbgf6x1wcdqzzr00000gn/T/2740911a7c8f4ec1179a8c5abf12be0b.mpf_cache
2026-03-24 11:51:14,723 : INFO : ConfigProcessor : Loading config from file /Users/kevin/Documents/antigravity_workspace/MPF_Joust_0.80.0/modes/tunnel_multiball/config/tunnel_multiball.yaml.
2026-03-24 11:51:14,723 : INFO : ConfigProcessor : Loading config: /Users/kevin/Documents/antigravity_workspace/MPF_Joust_0.80.0/modes/tunnel_multiball/config/tunnel_multiball.yaml
2026-03-24 11:51:14,723 : INFO : ConfigProcessor : Config file cache created: /var/folders/00/ylwc4t4x1nbgf6x1wcdqzzr00000gn/T/ed254caf0fef1f2f62f45c7a7ee68877.mpf_cache
2026-03-24 11:51:14,724 : INFO : ConfigProcessor : Loading config from file /Users/kevin/Documents/antigravity_workspace/MPF_Joust_0.80.0/modes/unlimited_multiball/config/unlimited_multiball.yaml.
2026-03-24 11:51:14,724 : INFO : ConfigProcessor : Loading config: /Users/kevin/Documents/antigravity_workspace/MPF_Joust_0.80.0/modes/unlimited_multiball/config/unlimited_multiball.yaml
2026-03-24 11:51:14,724 : INFO : ConfigProcessor : Config file cache created: /var/folders/00/ylwc4t4x1nbgf6x1wcdqzzr00000gn/T/b2b4781c6dcb84bebe70c6072e49581b.mpf_cache
2026-03-24 11:51:14,724 : INFO : ConfigProcessor : Loading config from file /Users/kevin/Documents/antigravity_workspace/MPF_Joust_0.80.0/modes/attract/shows/./attract_light_show_gi.yaml.
2026-03-24 11:51:14,724 : INFO : ConfigProcessor : Loading config: /Users/kevin/Documents/antigravity_workspace/MPF_Joust_0.80.0/modes/attract/shows/./attract_light_show_gi.yaml
2026-03-24 11:51:14,725 : INFO : ConfigProcessor : Config file cache created: /var/folders/00/ylwc4t4x1nbgf6x1wcdqzzr00000gn/T/985f5bd17afe4079bf51ecb3022e65b1.mpf_cache
2026-03-24 11:51:14,725 : INFO : ConfigProcessor : Loading config from file /Users/kevin/Documents/antigravity_workspace/MPF_Joust_0.80.0/modes/attract/shows/./attract_light_show.yaml.
2026-03-24 11:51:14,725 : INFO : ConfigProcessor : Loading config: /Users/kevin/Documents/antigravity_workspace/MPF_Joust_0.80.0/modes/attract/shows/./attract_light_show.yaml
2026-03-24 11:51:14,725 : INFO : ConfigProcessor : Config file cache created: /var/folders/00/ylwc4t4x1nbgf6x1wcdqzzr00000gn/T/9aec55866a2611aafa535ca59d444135.mpf_cache
2026-03-24 11:51:14,725 : INFO : ConfigProcessor : Loading config from file /Users/kevin/Documents/antigravity_workspace/MPF_Joust_0.80.0/modes/attract/shows/./last_game_segment_display.yaml.
2026-03-24 11:51:14,726 : INFO : ConfigProcessor : Loading config: /Users/kevin/Documents/antigravity_workspace/MPF_Joust_0.80.0/modes/attract/shows/./last_game_segment_display.yaml
2026-03-24 11:51:14,726 : INFO : ConfigProcessor : Config file cache created: /var/folders/00/ylwc4t4x1nbgf6x1wcdqzzr00000gn/T/cfc43d237dd9c25f8d622d1fc49994b1.mpf_cache
2026-03-24 11:51:14,726 : INFO : ConfigProcessor : Loading config from file /Users/kevin/Documents/antigravity_workspace/MPF_Joust_0.80.0/modes/1st_launch_delay/shows/./start.yaml.
2026-03-24 11:51:14,727 : INFO : ConfigProcessor : Loading config: /Users/kevin/Documents/antigravity_workspace/MPF_Joust_0.80.0/modes/1st_launch_delay/shows/./start.yaml
2026-03-24 11:51:14,727 : INFO : ConfigProcessor : Config file cache created: /var/folders/00/ylwc4t4x1nbgf6x1wcdqzzr00000gn/T/819a83639dbf1a99a25fcbe259c98e5f.mpf_cache
2026-03-24 11:51:14,727 : INFO : ConfigProcessor : Loading config from file /Users/kevin/Documents/antigravity_workspace/MPF_Joust_0.80.0/modes/base/shows/./base_gi.yaml.
2026-03-24 11:51:14,727 : INFO : ConfigProcessor : Loading config: /Users/kevin/Documents/antigravity_workspace/MPF_Joust_0.80.0/modes/base/shows/./base_gi.yaml
2026-03-24 11:51:14,727 : INFO : ConfigProcessor : Config file cache created: /var/folders/00/ylwc4t4x1nbgf6x1wcdqzzr00000gn/T/3c061fa857070782f33735eff5555367.mpf_cache
2026-03-24 11:51:14,727 : INFO : ConfigProcessor : Loading config from file /Users/kevin/Documents/antigravity_workspace/MPF_Joust_0.80.0/modes/round1end/shows/./intermission.yaml.
2026-03-24 11:51:14,728 : INFO : ConfigProcessor : Loading config: /Users/kevin/Documents/antigravity_workspace/MPF_Joust_0.80.0/modes/round1end/shows/./intermission.yaml
2026-03-24 11:51:14,728 : INFO : ConfigProcessor : Config file cache created: /var/folders/00/ylwc4t4x1nbgf6x1wcdqzzr00000gn/T/dd1f0d015e80930ddb5e0246c3bcc345.mpf_cache
2026-03-24 11:51:14,728 : INFO : ConfigProcessor : Loading config from file /Users/kevin/Documents/antigravity_workspace/MPF_Joust_0.80.0/modes/round1end/shows/./p1_intermission_light.yaml.
2026-03-24 11:51:14,730 : INFO : ConfigProcessor : Loading config: /Users/kevin/Documents/antigravity_workspace/MPF_Joust_0.80.0/modes/round1end/shows/./p1_intermission_light.yaml
2026-03-24 11:51:14,730 : INFO : ConfigProcessor : Config file cache created: /var/folders/00/ylwc4t4x1nbgf6x1wcdqzzr00000gn/T/964d1310dde4b8eb58cff7640aaa7752.mpf_cache
2026-03-24 11:51:14,730 : INFO : ConfigProcessor : Loading config from file /Users/kevin/Documents/antigravity_workspace/MPF_Joust_0.80.0/modes/round1end/shows/./intermission3.yaml.
2026-03-24 11:51:14,732 : INFO : ConfigProcessor : Loading config: /Users/kevin/Documents/antigravity_workspace/MPF_Joust_0.80.0/modes/round1end/shows/./intermission3.yaml
2026-03-24 11:51:14,732 : INFO : ConfigProcessor : Config file cache created: /var/folders/00/ylwc4t4x1nbgf6x1wcdqzzr00000gn/T/7f8d1d4182b949a8ce472dde9c6590eb.mpf_cache
2026-03-24 11:51:14,732 : INFO : ConfigProcessor : Loading config from file /Users/kevin/Documents/antigravity_workspace/MPF_Joust_0.80.0/modes/round1end/shows/./p2_intermission_light.yaml.
2026-03-24 11:51:14,734 : INFO : ConfigProcessor : Loading config: /Users/kevin/Documents/antigravity_workspace/MPF_Joust_0.80.0/modes/round1end/shows/./p2_intermission_light.yaml
2026-03-24 11:51:14,734 : INFO : ConfigProcessor : Config file cache created: /var/folders/00/ylwc4t4x1nbgf6x1wcdqzzr00000gn/T/cfab6f0f4bd169829b81a84027ff27d2.mpf_cache
2026-03-24 11:51:14,734 : INFO : ConfigProcessor : Loading config from file /Users/kevin/Documents/antigravity_workspace/MPF_Joust_0.80.0/modes/round1end/shows/./intermission2.yaml.
2026-03-24 11:51:14,734 : INFO : ConfigProcessor : Loading config: /Users/kevin/Documents/antigravity_workspace/MPF_Joust_0.80.0/modes/round1end/shows/./intermission2.yaml
2026-03-24 11:51:14,734 : INFO : ConfigProcessor : Config file cache created: /var/folders/00/ylwc4t4x1nbgf6x1wcdqzzr00000gn/T/44df0c077db20bc46d3babfda5971984.mpf_cache
2026-03-24 11:51:14,734 : INFO : ConfigProcessor : Loading config from file /Users/kevin/Documents/antigravity_workspace/MPF_Joust_0.80.0/modes/single_player_1st_launch_delay/shows/./single_player_start.yaml.
2026-03-24 11:51:14,735 : INFO : ConfigProcessor : Loading config: /Users/kevin/Documents/antigravity_workspace/MPF_Joust_0.80.0/modes/single_player_1st_launch_delay/shows/./single_player_start.yaml
2026-03-24 11:51:14,735 : INFO : ConfigProcessor : Config file cache created: /var/folders/00/ylwc4t4x1nbgf6x1wcdqzzr00000gn/T/d406361fade02764577fe5aba0397f38.mpf_cache
2026-03-24 11:51:14,735 : INFO : Machine : Mission Pinball Framework Core Engine v0.80.0.dev13
2026-03-24 11:51:14,735 : INFO : Machine : Command line arguments: {'no_load_cache': False, 'create_config_cache': True, 'bcp': True, 'configfile': ['config.yaml'], 'force_assets_load': False, 'platform_integration_test': False, 'jsonlogging': False, 'logfile': 'logs/2026-03-24-11-51-14-mpf-kdmbpro.local.log', 'pause': False, 'production': False, 'text_ui': True, 'loglevel': 15, 'consoleloglevel': 20, 'force_platform': 'smart_virtual', 'syslog_address': None, 'full_logfile_path': '/Users/kevin/Documents/antigravity_workspace/MPF_Joust_0.80.0/logs/2026-03-24-11-51-14-mpf-kdmbpro.local.log'}
2026-03-24 11:51:14,735 : INFO : Machine : MPF path: /Users/kevin/Library/Python/3.11/lib/python/site-packages/mpf
2026-03-24 11:51:14,735 : INFO : Machine : Machine path: /Users/kevin/Documents/antigravity_workspace/MPF_Joust_0.80.0
2026-03-24 11:51:14,735 : INFO : Machine : Platform: darwin
2026-03-24 11:51:14,735 : INFO : Machine : Python executable location: /Library/Frameworks/Python.framework/Versions/3.11/bin/python3
2026-03-24 11:51:14,735 : INFO : Machine : Python version: 3.11.1 (64-bit)
2026-03-24 11:51:14,735 : INFO : Machine : Initializing MPF...
2026-03-24 11:51:15,012 : INFO : EventManager : Event: ======'machine_var_credits_string'====== Args={'value': 'FREE PLAY', 'prev_value': None, 'change': True}
2026-03-24 11:51:15,018 : INFO : EventManager : Event: ======'machine_var_master_volume'====== Args={'value': 0.5, 'prev_value': None, 'change': True}
2026-03-24 11:51:15,018 : INFO : EventManager : Event: ======'machine_var_p1_score'====== Args={'value': 0, 'prev_value': None, 'change': True}
2026-03-24 11:51:15,018 : INFO : EventManager : Event: ======'machine_var_p2_score'====== Args={'value': 0, 'prev_value': None, 'change': True}
2026-03-24 11:51:15,018 : INFO : EventManager : Event: ======'machine_var_total_score'====== Args={'value': 0, 'prev_value': None, 'change': True}
2026-03-24 11:51:15,018 : INFO : EventManager : Event: ======'machine_var_mpf_version'====== Args={'value': 'Mission Pinball Framework v0.80.0.dev13', 'prev_value': None, 'change': True}
2026-03-24 11:51:15,018 : INFO : EventManager : Event: ======'machine_var_mpf_extended_version'====== Args={'value': 'Mission Pinball Framework v0.80.0.dev13, Config version:6, Show version: 6, BCP version:1.1', 'prev_value': None, 'change': True}
2026-03-24 11:51:15,018 : INFO : EventManager : Event: ======'machine_var_python_version'====== Args={'value': '3.11.1', 'prev_value': None, 'change': True}
2026-03-24 11:51:15,028 : INFO : EventManager : Event: ======'machine_var_platform'====== Args={'value': 'macOS-26.3.1-arm64-arm-64bit', 'prev_value': None, 'change': True}
2026-03-24 11:51:15,028 : INFO : EventManager : Event: ======'machine_var_platform_system'====== Args={'value': 'Darwin', 'prev_value': None, 'change': True}
2026-03-24 11:51:15,028 : INFO : EventManager : Event: ======'machine_var_platform_release'====== Args={'value': '25.3.0', 'prev_value': None, 'change': True}
2026-03-24 11:51:15,028 : INFO : EventManager : Event: ======'machine_var_platform_version'====== Args={'value': 'Darwin Kernel Version 25.3.0: Wed Jan 28 20:51:28 PST 2026; root:xnu-12377.91.3~2/RELEASE_ARM64_T6041', 'prev_value': None, 'change': True}
2026-03-24 11:51:15,028 : INFO : EventManager : Event: ======'machine_var_platform_machine'====== Args={'value': 'arm64', 'prev_value': None, 'change': True}
2026-03-24 11:51:15,028 : INFO : EventManager : Event: ======'machine_var_log_file_path'====== Args={'value': '/Users/kevin/Documents/antigravity_workspace/MPF_Joust_0.80.0/logs/2026-03-24-11-51-14-mpf-kdmbpro.local.log', 'prev_value': None, 'change': True}
2026-03-24 11:51:15,028 : INFO : EventManager : Event: ======'init_phase_1'====== Args={}
2026-03-24 11:51:15,036 : ERROR : asyncio : Exception in callback EventManager._async_handler_done(<QueuedEvent>)(<Task finishe...'coroutine'")>) at /Users/kevin/Library/Python/3.11/lib/python/site-packages/mpf/core/events.py:124
handle: <Handle EventManager._async_handler_done(<QueuedEvent>)(<Task finishe...'coroutine'")>) at /Users/kevin/Library/Python/3.11/lib/python/site-packages/mpf/core/events.py:124>
Traceback (most recent call last):
  File "/Users/kevin/Library/Python/3.11/lib/python/site-packages/mpf/core/mode_controller.py", line 133, in _load_mode_code
    return Util.string_to_class(code_path)
           ^^^^^^^^^^^^^^^^^^^^^^^^^^^^^^^
  File "/Users/kevin/Library/Python/3.11/lib/python/site-packages/mpf/core/utility_functions.py", line 640, in string_to_class
    m = importlib.import_module(module)
        ^^^^^^^^^^^^^^^^^^^^^^^^^^^^^^^
  File "/Library/Frameworks/Python.framework/Versions/3.11/lib/python3.11/importlib/__init__.py", line 126, in import_module
    return _bootstrap._gcd_import(name[level:], package, level)
           ^^^^^^^^^^^^^^^^^^^^^^^^^^^^^^^^^^^^^^^^^^^^^^^^^^^^
  File "<frozen importlib._bootstrap>", line 1206, in _gcd_import
  File "<frozen importlib._bootstrap>", line 1178, in _find_and_load
  File "<frozen importlib._bootstrap>", line 1142, in _find_and_load_unlocked
ModuleNotFoundError: No module named 'game'

During handling of the above exception, another exception occurred:

Traceback (most recent call last):
  File "/Library/Frameworks/Python.framework/Versions/3.11/lib/python3.11/asyncio/events.py", line 80, in _run
    self._context.run(self._callback, *self._args)
  File "/Users/kevin/Library/Python/3.11/lib/python/site-packages/mpf/core/events.py", line 127, in _async_handler_done
    future.result()
  File "/Users/kevin/Library/Python/3.11/lib/python/site-packages/mpf/core/mode_controller.py", line 119, in load_modes
    self.machine.modes[mode] = self._load_mode(mode)
                               ^^^^^^^^^^^^^^^^^^^^^
  File "/Users/kevin/Library/Python/3.11/lib/python/site-packages/mpf/core/mode_controller.py", line 157, in _load_mode
    mode_class = self._load_mode_code(mode_string, config['mode']['code'])
                 ^^^^^^^^^^^^^^^^^^^^^^^^^^^^^^^^^^^^^^^^^^^^^^^^^^^^^^^^^
  File "/Users/kevin/Library/Python/3.11/lib/python/site-packages/mpf/core/mode_controller.py", line 135, in _load_mode_code
    return Util.string_to_class("modes.{}.code.{}".format(mode_string, code_path))
           ^^^^^^^^^^^^^^^^^^^^^^^^^^^^^^^^^^^^^^^^^^^^^^^^^^^^^^^^^^^^^^^^^^^^^^^
  File "/Users/kevin/Library/Python/3.11/lib/python/site-packages/mpf/core/utility_functions.py", line 640, in string_to_class
    m = importlib.import_module(module)
        ^^^^^^^^^^^^^^^^^^^^^^^^^^^^^^^
  File "/Library/Frameworks/Python.framework/Versions/3.11/lib/python3.11/importlib/__init__.py", line 126, in import_module
    return _bootstrap._gcd_import(name[level:], package, level)
           ^^^^^^^^^^^^^^^^^^^^^^^^^^^^^^^^^^^^^^^^^^^^^^^^^^^^
  File "<frozen importlib._bootstrap>", line 1206, in _gcd_import
  File "<frozen importlib._bootstrap>", line 1178, in _find_and_load
  File "<frozen importlib._bootstrap>", line 1149, in _find_and_load_unlocked
  File "<frozen importlib._bootstrap>", line 690, in _load_unlocked
  File "<frozen importlib._bootstrap_external>", line 940, in exec_module
  File "<frozen importlib._bootstrap>", line 241, in _call_with_frames_removed
  File "/Users/kevin/Documents/antigravity_workspace/MPF_Joust_0.80.0/modes/game/code/game.py", line 6, in <module>
    class HeadToHeadGame(Game):
  File "/Users/kevin/Documents/antigravity_workspace/MPF_Joust_0.80.0/modes/game/code/game.py", line 12, in HeadToHeadGame
    @asyncio.coroutine
     ^^^^^^^^^^^^^^^^^
AttributeError: module 'asyncio' has no attribute 'coroutine'
2026-03-24 11:51:15,038 : INFO : Machine : Starting the main run loop with active modes: []
2026-03-24 11:51:15,038 : WARNING : Machine : Attract mode is not active, game will not be playable. Please check your attract mode configuration.
2026-03-24 11:51:15,038 : INFO : Machine : Shutting down...
2026-03-24 11:51:15,038 : INFO : EventManager : Event: ======'shutdown'====== Args={}
2026-03-24 11:51:16,040 : ERROR : Machine : Runtime Exception
Traceback (most recent call last):
  File "/Users/kevin/Library/Python/3.11/lib/python/site-packages/mpf/core/mode_controller.py", line 133, in _load_mode_code
    return Util.string_to_class(code_path)
           ^^^^^^^^^^^^^^^^^^^^^^^^^^^^^^^
  File "/Users/kevin/Library/Python/3.11/lib/python/site-packages/mpf/core/utility_functions.py", line 640, in string_to_class
    m = importlib.import_module(module)
        ^^^^^^^^^^^^^^^^^^^^^^^^^^^^^^^
  File "/Library/Frameworks/Python.framework/Versions/3.11/lib/python3.11/importlib/__init__.py", line 126, in import_module
    return _bootstrap._gcd_import(name[level:], package, level)
           ^^^^^^^^^^^^^^^^^^^^^^^^^^^^^^^^^^^^^^^^^^^^^^^^^^^^
  File "<frozen importlib._bootstrap>", line 1206, in _gcd_import
  File "<frozen importlib._bootstrap>", line 1178, in _find_and_load
  File "<frozen importlib._bootstrap>", line 1142, in _find_and_load_unlocked
ModuleNotFoundError: No module named 'game'

During handling of the above exception, another exception occurred:

Traceback (most recent call last):
  File "/Users/kevin/Library/Python/3.11/lib/python/site-packages/mpf/core/machine.py", line 810, in _run_loop
    raise self._exception['exception']
  File "/Library/Frameworks/Python.framework/Versions/3.11/lib/python3.11/asyncio/events.py", line 80, in _run
    self._context.run(self._callback, *self._args)
  File "/Users/kevin/Library/Python/3.11/lib/python/site-packages/mpf/core/events.py", line 127, in _async_handler_done
    future.result()
  File "/Users/kevin/Library/Python/3.11/lib/python/site-packages/mpf/core/mode_controller.py", line 119, in load_modes
    self.machine.modes[mode] = self._load_mode(mode)
                               ^^^^^^^^^^^^^^^^^^^^^
  File "/Users/kevin/Library/Python/3.11/lib/python/site-packages/mpf/core/mode_controller.py", line 157, in _load_mode
    mode_class = self._load_mode_code(mode_string, config['mode']['code'])
                 ^^^^^^^^^^^^^^^^^^^^^^^^^^^^^^^^^^^^^^^^^^^^^^^^^^^^^^^^^
  File "/Users/kevin/Library/Python/3.11/lib/python/site-packages/mpf/core/mode_controller.py", line 135, in _load_mode_code
    return Util.string_to_class("modes.{}.code.{}".format(mode_string, code_path))
           ^^^^^^^^^^^^^^^^^^^^^^^^^^^^^^^^^^^^^^^^^^^^^^^^^^^^^^^^^^^^^^^^^^^^^^^
  File "/Users/kevin/Library/Python/3.11/lib/python/site-packages/mpf/core/utility_functions.py", line 640, in string_to_class
    m = importlib.import_module(module)
        ^^^^^^^^^^^^^^^^^^^^^^^^^^^^^^^
  File "/Library/Frameworks/Python.framework/Versions/3.11/lib/python3.11/importlib/__init__.py", line 126, in import_module
    return _bootstrap._gcd_import(name[level:], package, level)
           ^^^^^^^^^^^^^^^^^^^^^^^^^^^^^^^^^^^^^^^^^^^^^^^^^^^^
  File "<frozen importlib._bootstrap>", line 1206, in _gcd_import
  File "<frozen importlib._bootstrap>", line 1178, in _find_and_load
  File "<frozen importlib._bootstrap>", line 1149, in _find_and_load_unlocked
  File "<frozen importlib._bootstrap>", line 690, in _load_unlocked
  File "<frozen importlib._bootstrap_external>", line 940, in exec_module
  File "<frozen importlib._bootstrap>", line 241, in _call_with_frames_removed
  File "/Users/kevin/Documents/antigravity_workspace/MPF_Joust_0.80.0/modes/game/code/game.py", line 6, in <module>
    class HeadToHeadGame(Game):
  File "/Users/kevin/Documents/antigravity_workspace/MPF_Joust_0.80.0/modes/game/code/game.py", line 12, in HeadToHeadGame
    @asyncio.coroutine
     ^^^^^^^^^^^^^^^^^
AttributeError: module 'asyncio' has no attribute 'coroutine'
2026-03-24 11:51:16,072 : INFO : crash_reporter : Will not report crash as "report_crashes" mode is "never"
2026-03-24 11:51:16,072 : INFO : root : MPF run loop ended.
