2026-03-24 11:52:25,347 : INFO : root : Loading config.
2026-03-24 11:52:25,360 : INFO : ConfigProcessor : Config spec file cache created: /tmp/config_spec.mpf_cache
2026-03-24 11:52:25,361 : INFO : YamlMultifileConfigLoader : Machine config file #1: config.yaml
2026-03-24 11:52:25,361 : INFO : ConfigProcessor : Loading config from file /Users/kevin/Library/Python/3.11/lib/python/site-packages/mpf/mpfconfig.yaml.
2026-03-24 11:52:25,364 : INFO : ConfigProcessor : Loading config: /Users/kevin/Library/Python/3.11/lib/python/site-packages/mpf/mpfconfig.yaml
2026-03-24 11:52:25,364 : INFO : ConfigProcessor : Loading config from file /Users/kevin/Documents/antigravity_workspace/MPF_Joust_0.80.0/config/config.yaml.
2026-03-24 11:52:25,372 : INFO : ConfigProcessor : Loading config: /Users/kevin/Documents/antigravity_workspace/MPF_Joust_0.80.0/config/config.yaml
2026-03-24 11:52:25,377 : INFO : ConfigProcessor : Loading config: /Users/kevin/Documents/antigravity_workspace/MPF_Joust_0.80.0/config/neoSeg_0.yaml
2026-03-24 11:52:25,383 : INFO : ConfigProcessor : Loading config: /Users/kevin/Documents/antigravity_workspace/MPF_Joust_0.80.0/config/neoSeg_2dig_0.yaml
2026-03-24 11:52:25,385 : INFO : ConfigProcessor : Loading config: /Users/kevin/Documents/antigravity_workspace/MPF_Joust_0.80.0/config/neoSeg_2dig_1.yaml
2026-03-24 11:52:25,391 : INFO : ConfigProcessor : Loading config: /Users/kevin/Documents/antigravity_workspace/MPF_Joust_0.80.0/config/neoSeg_1.yaml
2026-03-24 11:52:25,394 : INFO : ConfigProcessor : Loading config: /Users/kevin/Documents/antigravity_workspace/MPF_Joust_0.80.0/config/neoSeg_2dig_2.yaml
2026-03-24 11:52:25,397 : INFO : ConfigProcessor : Loading config: /Users/kevin/Documents/antigravity_workspace/MPF_Joust_0.80.0/config/neoSeg_2dig_3.yaml
2026-03-24 11:52:25,399 : INFO : ConfigProcessor : Loading config: /Users/kevin/Documents/antigravity_workspace/MPF_Joust_0.80.0/config/cabinet_lights.yaml
2026-03-24 11:52:25,403 : INFO : ConfigProcessor : Config file cache created: /tmp/6ef940c6ab7b0c2f59ebf5d38ad480c3.mpf_cache
2026-03-24 11:52:25,423 : INFO : ConfigProcessor : Loading config from file /Users/kevin/Library/Python/3.11/lib/python/site-packages/mpf/modes/attract/config/attract.yaml.
2026-03-24 11:52:25,423 : INFO : ConfigProcessor : Loading config: /Users/kevin/Library/Python/3.11/lib/python/site-packages/mpf/modes/attract/config/attract.yaml
2026-03-24 11:52:25,423 : INFO : ConfigProcessor : Loading config from file /Users/kevin/Documents/antigravity_workspace/MPF_Joust_0.80.0/modes/attract/config/attract.yaml.
2026-03-24 11:52:25,424 : INFO : ConfigProcessor : Loading config: /Users/kevin/Documents/antigravity_workspace/MPF_Joust_0.80.0/modes/attract/config/attract.yaml
2026-03-24 11:52:25,424 : INFO : ConfigProcessor : Config file cache created: /tmp/5b21d643bbcfa2c42442c434f22cd97d.mpf_cache
2026-03-24 11:52:25,424 : INFO : ConfigProcessor : Loading config from file /Users/kevin/Library/Python/3.11/lib/python/site-packages/mpf/modes/game/config/game.yaml.
2026-03-24 11:52:25,424 : INFO : ConfigProcessor : Loading config: /Users/kevin/Library/Python/3.11/lib/python/site-packages/mpf/modes/game/config/game.yaml
2026-03-24 11:52:25,424 : INFO : ConfigProcessor : Loading config from file /Users/kevin/Documents/antigravity_workspace/MPF_Joust_0.80.0/modes/game/config/game.yaml.
2026-03-24 11:52:25,424 : INFO : ConfigProcessor : Loading config: /Users/kevin/Documents/antigravity_workspace/MPF_Joust_0.80.0/modes/game/config/game.yaml
2026-03-24 11:52:25,425 : INFO : ConfigProcessor : Config file cache created: /tmp/e766ef15c8ebb8a88437d16361e294d9.mpf_cache
2026-03-24 11:52:25,425 : INFO : ConfigProcessor : Loading config from file /Users/kevin/Library/Python/3.11/lib/python/site-packages/mpf/modes/tilt/config/tilt.yaml.
2026-03-24 11:52:25,425 : INFO : ConfigProcessor : Loading config: /Users/kevin/Library/Python/3.11/lib/python/site-packages/mpf/modes/tilt/config/tilt.yaml
2026-03-24 11:52:25,425 : INFO : ConfigProcessor : Config file cache created: /tmp/d2576bce98d56952440cbe709c7f6e8c.mpf_cache
2026-03-24 11:52:25,425 : INFO : ConfigProcessor : Loading config from file /Users/kevin/Documents/antigravity_workspace/MPF_Joust_0.80.0/modes/1st_launch_delay/config/1st_launch_delay.yaml.
2026-03-24 11:52:25,426 : INFO : ConfigProcessor : Loading config: /Users/kevin/Documents/antigravity_workspace/MPF_Joust_0.80.0/modes/1st_launch_delay/config/1st_launch_delay.yaml
2026-03-24 11:52:25,426 : INFO : ConfigProcessor : Config file cache created: /tmp/b9a2bd5c5abb74ce31c65de2d269b227.mpf_cache
2026-03-24 11:52:25,426 : INFO : ConfigProcessor : Loading config from cache: /tmp/5b21d643bbcfa2c42442c434f22cd97d.mpf_cache
2026-03-24 11:52:25,427 : INFO : ConfigProcessor : Loading config from file /Users/kevin/Documents/antigravity_workspace/MPF_Joust_0.80.0/modes/base/config/base.yaml.
2026-03-24 11:52:25,427 : INFO : ConfigProcessor : Loading config: /Users/kevin/Documents/antigravity_workspace/MPF_Joust_0.80.0/modes/base/config/base.yaml
2026-03-24 11:52:25,427 : INFO : ConfigProcessor : Config file cache created: /tmp/f01e7b7fca6ca9107a6e148beb0bb465.mpf_cache
2026-03-24 11:52:25,427 : INFO : ConfigProcessor : Loading config from file /Users/kevin/Documents/antigravity_workspace/MPF_Joust_0.80.0/modes/carousel/config/carousel.yaml.
2026-03-24 11:52:25,430 : INFO : ConfigProcessor : Loading config: /Users/kevin/Documents/antigravity_workspace/MPF_Joust_0.80.0/modes/carousel/config/carousel.yaml
2026-03-24 11:52:25,430 : INFO : ConfigProcessor : Config file cache created: /tmp/186a879ba6a26b18395149aba63a2c98.mpf_cache
2026-03-24 11:52:25,430 : INFO : ConfigProcessor : Loading config from file /Users/kevin/Documents/antigravity_workspace/MPF_Joust_0.80.0/modes/co-op/config/co-op.yaml.
2026-03-24 11:52:25,431 : INFO : ConfigProcessor : Loading config: /Users/kevin/Documents/antigravity_workspace/MPF_Joust_0.80.0/modes/co-op/config/co-op.yaml
2026-03-24 11:52:25,431 : INFO : ConfigProcessor : Config file cache created: /tmp/1647016ef881cb2deaa01d07ae5b713e.mpf_cache
2026-03-24 11:52:25,431 : INFO : ConfigProcessor : Loading config from file /Users/kevin/Documents/antigravity_workspace/MPF_Joust_0.80.0/modes/double_player/config/double_player.yaml.
2026-03-24 11:52:25,432 : INFO : ConfigProcessor : Loading config: /Users/kevin/Documents/antigravity_workspace/MPF_Joust_0.80.0/modes/double_player/config/double_player.yaml
2026-03-24 11:52:25,432 : INFO : ConfigProcessor : Config file cache created: /tmp/d43033dd3e9a3733435930382b6fbc49.mpf_cache
2026-03-24 11:52:25,432 : INFO : ConfigProcessor : Loading config from file /Users/kevin/Documents/antigravity_workspace/MPF_Joust_0.80.0/modes/egg_bonus/config/egg_bonus.yaml.
2026-03-24 11:52:25,438 : INFO : ConfigProcessor : Loading config: /Users/kevin/Documents/antigravity_workspace/MPF_Joust_0.80.0/modes/egg_bonus/config/egg_bonus.yaml
2026-03-24 11:52:25,438 : INFO : ConfigProcessor : Config file cache created: /tmp/b355e365b6b2c84f432b447fce69a822.mpf_cache
2026-03-24 11:52:25,439 : INFO : ConfigProcessor : Loading config from file /Users/kevin/Documents/antigravity_workspace/MPF_Joust_0.80.0/modes/egg_bonus_tally/config/egg_bonus_tally.yaml.
2026-03-24 11:52:25,440 : INFO : ConfigProcessor : Loading config: /Users/kevin/Documents/antigravity_workspace/MPF_Joust_0.80.0/modes/egg_bonus_tally/config/egg_bonus_tally.yaml
2026-03-24 11:52:25,440 : INFO : ConfigProcessor : Config file cache created: /tmp/66ec8774fc541c7ee1a2e06f5c777bf0.mpf_cache
2026-03-24 11:52:25,440 : INFO : ConfigProcessor : Loading config from cache: /tmp/e766ef15c8ebb8a88437d16361e294d9.mpf_cache
2026-03-24 11:52:25,440 : INFO : ConfigProcessor : Loading config from file /Users/kevin/Documents/antigravity_workspace/MPF_Joust_0.80.0/modes/hunter/config/hunter.yaml.
2026-03-24 11:52:25,441 : INFO : ConfigProcessor : Loading config: /Users/kevin/Documents/antigravity_workspace/MPF_Joust_0.80.0/modes/hunter/config/hunter.yaml
2026-03-24 11:52:25,441 : INFO : ConfigProcessor : Config file cache created: /tmp/645a4979106e77b2868f32095efbe7b2.mpf_cache
2026-03-24 11:52:25,441 : INFO : ConfigProcessor : Loading config from file /Users/kevin/Documents/antigravity_workspace/MPF_Joust_0.80.0/modes/l_3bank/config/l_3bank.yaml.
2026-03-24 11:52:25,443 : INFO : ConfigProcessor : Loading config: /Users/kevin/Documents/antigravity_workspace/MPF_Joust_0.80.0/modes/l_3bank/config/l_3bank.yaml
2026-03-24 11:52:25,443 : INFO : ConfigProcessor : Config file cache created: /tmp/9ddb3694027906a9cf750714782c2a12.mpf_cache
2026-03-24 11:52:25,443 : INFO : ConfigProcessor : Loading config from file /Users/kevin/Documents/antigravity_workspace/MPF_Joust_0.80.0/modes/lavapit/config/lavapit.yaml.
2026-03-24 11:52:25,444 : INFO : ConfigProcessor : Loading config: /Users/kevin/Documents/antigravity_workspace/MPF_Joust_0.80.0/modes/lavapit/config/lavapit.yaml
2026-03-24 11:52:25,444 : INFO : ConfigProcessor : Config file cache created: /tmp/31eaf118d9d3470795b16324c2006e3b.mpf_cache
2026-03-24 11:52:25,444 : INFO : ConfigProcessor : Loading config from file /Users/kevin/Documents/antigravity_workspace/MPF_Joust_0.80.0/modes/r_3bank/config/r_3bank.yaml.
2026-03-24 11:52:25,446 : INFO : ConfigProcessor : Loading config: /Users/kevin/Documents/antigravity_workspace/MPF_Joust_0.80.0/modes/r_3bank/config/r_3bank.yaml
2026-03-24 11:52:25,446 : INFO : ConfigProcessor : Config file cache created: /tmp/1302f1cce46838a9a7177aeeb95b2e4e.mpf_cache
2026-03-24 11:52:25,446 : INFO : ConfigProcessor : Loading config from file /Users/kevin/Documents/antigravity_workspace/MPF_Joust_0.80.0/modes/round1end/config/round1end.yaml.
2026-03-24 11:52:25,447 : INFO : ConfigProcessor : Loading config: /Users/kevin/Documents/antigravity_workspace/MPF_Joust_0.80.0/modes/round1end/config/round1end.yaml
2026-03-24 11:52:25,447 : INFO : ConfigProcessor : Config file cache created: /tmp/c1c566257c1b838d13982180df722eb6.mpf_cache
2026-03-24 11:52:25,447 : INFO : ConfigProcessor : Loading config from file /Users/kevin/Documents/antigravity_workspace/MPF_Joust_0.80.0/modes/round2end/config/round2end.yaml.
2026-03-24 11:52:25,448 : INFO : ConfigProcessor : Loading config: /Users/kevin/Documents/antigravity_workspace/MPF_Joust_0.80.0/modes/round2end/config/round2end.yaml
2026-03-24 11:52:25,448 : INFO : ConfigProcessor : Config file cache created: /tmp/4da8cfef71155e21eaa05d6e13abf7e2.mpf_cache
2026-03-24 11:52:25,448 : INFO : ConfigProcessor : Loading config from file /Users/kevin/Documents/antigravity_workspace/MPF_Joust_0.80.0/modes/single_player/config/single_player.yaml.
2026-03-24 11:52:25,449 : INFO : ConfigProcessor : Loading config: /Users/kevin/Documents/antigravity_workspace/MPF_Joust_0.80.0/modes/single_player/config/single_player.yaml
2026-03-24 11:52:25,449 : INFO : ConfigProcessor : Config file cache created: /tmp/3adf31510a21ae15ce8a3ff00711734a.mpf_cache
2026-03-24 11:52:25,449 : INFO : ConfigProcessor : Loading config from file /Users/kevin/Documents/antigravity_workspace/MPF_Joust_0.80.0/modes/single_player_1ball/config/single_player_1ball.yaml.
2026-03-24 11:52:25,449 : INFO : ConfigProcessor : Loading config: /Users/kevin/Documents/antigravity_workspace/MPF_Joust_0.80.0/modes/single_player_1ball/config/single_player_1ball.yaml
2026-03-24 11:52:25,449 : INFO : ConfigProcessor : Config file cache created: /tmp/1c5f7604b6bde53e223f8e9bb4958d4b.mpf_cache
2026-03-24 11:52:25,450 : INFO : ConfigProcessor : Loading config from file /Users/kevin/Documents/antigravity_workspace/MPF_Joust_0.80.0/modes/single_player_1st_launch_delay/config/single_player_1st_launch_delay.yaml.
2026-03-24 11:52:25,451 : INFO : ConfigProcessor : Loading config: /Users/kevin/Documents/antigravity_workspace/MPF_Joust_0.80.0/modes/single_player_1st_launch_delay/config/single_player_1st_launch_delay.yaml
2026-03-24 11:52:25,451 : INFO : ConfigProcessor : Config file cache created: /tmp/331be268843d78be71fff2bc8176e41b.mpf_cache
2026-03-24 11:52:25,451 : INFO : ConfigProcessor : Loading config from file /Users/kevin/Documents/antigravity_workspace/MPF_Joust_0.80.0/modes/target_tunnel/config/target_tunnel.yaml.
2026-03-24 11:52:25,452 : INFO : ConfigProcessor : Loading config: /Users/kevin/Documents/antigravity_workspace/MPF_Joust_0.80.0/modes/target_tunnel/config/target_tunnel.yaml
2026-03-24 11:52:25,452 : WARNING : ConfigProcessor : Config section 'sound_pools' is deprecated in MPF 0.80 and will be unsupported in future versions. Please migrate this config to GMC.
2026-03-24 11:52:25,453 : INFO : ConfigProcessor : Config file cache created: /tmp/2740911a7c8f4ec1179a8c5abf12be0b.mpf_cache
2026-03-24 11:52:25,453 : INFO : ConfigProcessor : Loading config from file /Users/kevin/Documents/antigravity_workspace/MPF_Joust_0.80.0/modes/tunnel_multiball/config/tunnel_multiball.yaml.
2026-03-24 11:52:25,454 : INFO : ConfigProcessor : Loading config: /Users/kevin/Documents/antigravity_workspace/MPF_Joust_0.80.0/modes/tunnel_multiball/config/tunnel_multiball.yaml
2026-03-24 11:52:25,454 : INFO : ConfigProcessor : Config file cache created: /tmp/ed254caf0fef1f2f62f45c7a7ee68877.mpf_cache
2026-03-24 11:52:25,454 : INFO : ConfigProcessor : Loading config from file /Users/kevin/Documents/antigravity_workspace/MPF_Joust_0.80.0/modes/unlimited_multiball/config/unlimited_multiball.yaml.
2026-03-24 11:52:25,454 : INFO : ConfigProcessor : Loading config: /Users/kevin/Documents/antigravity_workspace/MPF_Joust_0.80.0/modes/unlimited_multiball/config/unlimited_multiball.yaml
2026-03-24 11:52:25,455 : INFO : ConfigProcessor : Config file cache created: /tmp/b2b4781c6dcb84bebe70c6072e49581b.mpf_cache
2026-03-24 11:52:25,455 : INFO : ConfigProcessor : Loading config from file /Users/kevin/Documents/antigravity_workspace/MPF_Joust_0.80.0/modes/attract/shows/./attract_light_show_gi.yaml.
2026-03-24 11:52:25,455 : INFO : ConfigProcessor : Loading config: /Users/kevin/Documents/antigravity_workspace/MPF_Joust_0.80.0/modes/attract/shows/./attract_light_show_gi.yaml
2026-03-24 11:52:25,455 : INFO : ConfigProcessor : Config file cache created: /tmp/985f5bd17afe4079bf51ecb3022e65b1.mpf_cache
2026-03-24 11:52:25,455 : INFO : ConfigProcessor : Loading config from file /Users/kevin/Documents/antigravity_workspace/MPF_Joust_0.80.0/modes/attract/shows/./attract_light_show.yaml.
2026-03-24 11:52:25,455 : INFO : ConfigProcessor : Loading config: /Users/kevin/Documents/antigravity_workspace/MPF_Joust_0.80.0/modes/attract/shows/./attract_light_show.yaml
2026-03-24 11:52:25,456 : INFO : ConfigProcessor : Config file cache created: /tmp/9aec55866a2611aafa535ca59d444135.mpf_cache
2026-03-24 11:52:25,456 : INFO : ConfigProcessor : Loading config from file /Users/kevin/Documents/antigravity_workspace/MPF_Joust_0.80.0/modes/attract/shows/./last_game_segment_display.yaml.
2026-03-24 11:52:25,456 : INFO : ConfigProcessor : Loading config: /Users/kevin/Documents/antigravity_workspace/MPF_Joust_0.80.0/modes/attract/shows/./last_game_segment_display.yaml
2026-03-24 11:52:25,456 : INFO : ConfigProcessor : Config file cache created: /tmp/cfc43d237dd9c25f8d622d1fc49994b1.mpf_cache
2026-03-24 11:52:25,456 : INFO : ConfigProcessor : Loading config from file /Users/kevin/Documents/antigravity_workspace/MPF_Joust_0.80.0/modes/1st_launch_delay/shows/./start.yaml.
2026-03-24 11:52:25,457 : INFO : ConfigProcessor : Loading config: /Users/kevin/Documents/antigravity_workspace/MPF_Joust_0.80.0/modes/1st_launch_delay/shows/./start.yaml
2026-03-24 11:52:25,457 : INFO : ConfigProcessor : Config file cache created: /tmp/819a83639dbf1a99a25fcbe259c98e5f.mpf_cache
2026-03-24 11:52:25,457 : INFO : ConfigProcessor : Loading config from file /Users/kevin/Documents/antigravity_workspace/MPF_Joust_0.80.0/modes/base/shows/./base_gi.yaml.
2026-03-24 11:52:25,457 : INFO : ConfigProcessor : Loading config: /Users/kevin/Documents/antigravity_workspace/MPF_Joust_0.80.0/modes/base/shows/./base_gi.yaml
2026-03-24 11:52:25,457 : INFO : ConfigProcessor : Config file cache created: /tmp/3c061fa857070782f33735eff5555367.mpf_cache
2026-03-24 11:52:25,458 : INFO : ConfigProcessor : Loading config from file /Users/kevin/Documents/antigravity_workspace/MPF_Joust_0.80.0/modes/round1end/shows/./intermission.yaml.
2026-03-24 11:52:25,459 : INFO : ConfigProcessor : Loading config: /Users/kevin/Documents/antigravity_workspace/MPF_Joust_0.80.0/modes/round1end/shows/./intermission.yaml
2026-03-24 11:52:25,459 : INFO : ConfigProcessor : Config file cache created: /tmp/dd1f0d015e80930ddb5e0246c3bcc345.mpf_cache
2026-03-24 11:52:25,459 : INFO : ConfigProcessor : Loading config from file /Users/kevin/Documents/antigravity_workspace/MPF_Joust_0.80.0/modes/round1end/shows/./p1_intermission_light.yaml.
2026-03-24 11:52:25,461 : INFO : ConfigProcessor : Loading config: /Users/kevin/Documents/antigravity_workspace/MPF_Joust_0.80.0/modes/round1end/shows/./p1_intermission_light.yaml
2026-03-24 11:52:25,461 : INFO : ConfigProcessor : Config file cache created: /tmp/964d1310dde4b8eb58cff7640aaa7752.mpf_cache
2026-03-24 11:52:25,461 : INFO : ConfigProcessor : Loading config from file /Users/kevin/Documents/antigravity_workspace/MPF_Joust_0.80.0/modes/round1end/shows/./intermission3.yaml.
2026-03-24 11:52:25,463 : INFO : ConfigProcessor : Loading config: /Users/kevin/Documents/antigravity_workspace/MPF_Joust_0.80.0/modes/round1end/shows/./intermission3.yaml
2026-03-24 11:52:25,463 : INFO : ConfigProcessor : Config file cache created: /tmp/7f8d1d4182b949a8ce472dde9c6590eb.mpf_cache
2026-03-24 11:52:25,463 : INFO : ConfigProcessor : Loading config from file /Users/kevin/Documents/antigravity_workspace/MPF_Joust_0.80.0/modes/round1end/shows/./p2_intermission_light.yaml.
2026-03-24 11:52:25,465 : INFO : ConfigProcessor : Loading config: /Users/kevin/Documents/antigravity_workspace/MPF_Joust_0.80.0/modes/round1end/shows/./p2_intermission_light.yaml
2026-03-24 11:52:25,465 : INFO : ConfigProcessor : Config file cache created: /tmp/cfab6f0f4bd169829b81a84027ff27d2.mpf_cache
2026-03-24 11:52:25,465 : INFO : ConfigProcessor : Loading config from file /Users/kevin/Documents/antigravity_workspace/MPF_Joust_0.80.0/modes/round1end/shows/./intermission2.yaml.
2026-03-24 11:52:25,466 : INFO : ConfigProcessor : Loading config: /Users/kevin/Documents/antigravity_workspace/MPF_Joust_0.80.0/modes/round1end/shows/./intermission2.yaml
2026-03-24 11:52:25,466 : INFO : ConfigProcessor : Config file cache created: /tmp/44df0c077db20bc46d3babfda5971984.mpf_cache
2026-03-24 11:52:25,466 : INFO : ConfigProcessor : Loading config from file /Users/kevin/Documents/antigravity_workspace/MPF_Joust_0.80.0/modes/single_player_1st_launch_delay/shows/./single_player_start.yaml.
2026-03-24 11:52:25,466 : INFO : ConfigProcessor : Loading config: /Users/kevin/Documents/antigravity_workspace/MPF_Joust_0.80.0/modes/single_player_1st_launch_delay/shows/./single_player_start.yaml
2026-03-24 11:52:25,466 : INFO : ConfigProcessor : Config file cache created: /tmp/d406361fade02764577fe5aba0397f38.mpf_cache
2026-03-24 11:52:25,467 : INFO : Machine : Mission Pinball Framework Core Engine v0.80.0.dev13
2026-03-24 11:52:25,467 : INFO : Machine : Command line arguments: {'no_load_cache': False, 'create_config_cache': True, 'bcp': True, 'configfile': ['config.yaml'], 'force_assets_load': False, 'platform_integration_test': False, 'jsonlogging': False, 'logfile': 'logs/2026-03-24-11-52-25-mpf-kdmbpro.local.log', 'pause': False, 'production': False, 'text_ui': True, 'loglevel': 15, 'consoleloglevel': 20, 'force_platform': 'smart_virtual', 'syslog_address': None, 'full_logfile_path': '/Users/kevin/Documents/antigravity_workspace/MPF_Joust_0.80.0/logs/2026-03-24-11-52-25-mpf-kdmbpro.local.log'}
2026-03-24 11:52:25,467 : INFO : Machine : MPF path: /Users/kevin/Library/Python/3.11/lib/python/site-packages/mpf
2026-03-24 11:52:25,467 : INFO : Machine : Machine path: /Users/kevin/Documents/antigravity_workspace/MPF_Joust_0.80.0
2026-03-24 11:52:25,467 : INFO : Machine : Platform: darwin
2026-03-24 11:52:25,467 : INFO : Machine : Python executable location: /Library/Frameworks/Python.framework/Versions/3.11/bin/python3
2026-03-24 11:52:25,467 : INFO : Machine : Python version: 3.11.1 (64-bit)
2026-03-24 11:52:25,467 : INFO : Machine : Initializing MPF...
2026-03-24 11:52:25,481 : INFO : EventManager : Event: ======'machine_var_credits_string'====== Args={'value': 'FREE PLAY', 'prev_value': None, 'change': True}
2026-03-24 11:52:25,484 : INFO : EventManager : Event: ======'machine_var_master_volume'====== Args={'value': 0.5, 'prev_value': None, 'change': True}
2026-03-24 11:52:25,485 : INFO : EventManager : Event: ======'machine_var_p1_score'====== Args={'value': 0, 'prev_value': None, 'change': True}
2026-03-24 11:52:25,485 : INFO : EventManager : Event: ======'machine_var_p2_score'====== Args={'value': 0, 'prev_value': None, 'change': True}
2026-03-24 11:52:25,485 : INFO : EventManager : Event: ======'machine_var_total_score'====== Args={'value': 0, 'prev_value': None, 'change': True}
2026-03-24 11:52:25,485 : INFO : EventManager : Event: ======'machine_var_mpf_version'====== Args={'value': 'Mission Pinball Framework v0.80.0.dev13', 'prev_value': None, 'change': True}
2026-03-24 11:52:25,485 : INFO : EventManager : Event: ======'machine_var_mpf_extended_version'====== Args={'value': 'Mission Pinball Framework v0.80.0.dev13, Config version:6, Show version: 6, BCP version:1.1', 'prev_value': None, 'change': True}
2026-03-24 11:52:25,485 : INFO : EventManager : Event: ======'machine_var_python_version'====== Args={'value': '3.11.1', 'prev_value': None, 'change': True}
2026-03-24 11:52:25,491 : INFO : EventManager : Event: ======'machine_var_platform'====== Args={'value': 'macOS-26.3.1-arm64-arm-64bit', 'prev_value': None, 'change': True}
2026-03-24 11:52:25,491 : INFO : EventManager : Event: ======'machine_var_platform_system'====== Args={'value': 'Darwin', 'prev_value': None, 'change': True}
2026-03-24 11:52:25,491 : INFO : EventManager : Event: ======'machine_var_platform_release'====== Args={'value': '25.3.0', 'prev_value': None, 'change': True}
2026-03-24 11:52:25,491 : INFO : EventManager : Event: ======'machine_var_platform_version'====== Args={'value': 'Darwin Kernel Version 25.3.0: Wed Jan 28 20:51:28 PST 2026; root:xnu-12377.91.3~2/RELEASE_ARM64_T6041', 'prev_value': None, 'change': True}
2026-03-24 11:52:25,491 : INFO : EventManager : Event: ======'machine_var_platform_machine'====== Args={'value': 'arm64', 'prev_value': None, 'change': True}
2026-03-24 11:52:25,491 : INFO : EventManager : Event: ======'machine_var_log_file_path'====== Args={'value': '/Users/kevin/Documents/antigravity_workspace/MPF_Joust_0.80.0/logs/2026-03-24-11-52-25-mpf-kdmbpro.local.log', 'prev_value': None, 'change': True}
2026-03-24 11:52:25,491 : INFO : EventManager : Event: ======'init_phase_1'====== Args={}
2026-03-24 11:52:25,593 : INFO : EventManager : Event: ======'drop_target_bank_p1_l_3bank_up'====== Args={}
2026-03-24 11:52:25,593 : INFO : EventManager : Event: ======'drop_target_bank_p1_r_3bank_up'====== Args={}
2026-03-24 11:52:25,593 : INFO : EventManager : Event: ======'drop_target_bank_p2_l_3bank_up'====== Args={}
2026-03-24 11:52:25,593 : INFO : EventManager : Event: ======'drop_target_bank_p2_r_3bank_up'====== Args={}
2026-03-24 11:52:25,593 : INFO : EventManager : Event: ======'init_phase_2'====== Args={}
2026-03-24 11:52:25,593 : INFO : SwitchController : Found active switch: ('A1-B1-2', <Platform.SmartVirtual>) <switch.s_p1_trough2>
2026-03-24 11:52:25,594 : INFO : SwitchController : Found active switch: ('A1-B1-3', <Platform.SmartVirtual>) <switch.s_p1_trough1>
2026-03-24 11:52:25,594 : INFO : SwitchController : Found active switch: ('A3-B1-2', <Platform.SmartVirtual>) <switch.s_p2_trough2>
2026-03-24 11:52:25,594 : INFO : SwitchController : Found active switch: ('A3-B1-3', <Platform.SmartVirtual>) <switch.s_p2_trough1>
2026-03-24 11:52:25,609 : INFO : EventManager : Event: ======'bcp_connection_attempt'====== Args={'name': 'local_display', 'host': 'localhost', 'port': 5050}
2026-03-24 11:52:25,611 : INFO : BCPClientSocket : Connecting BCP to 'local_display' at localhost:5050...
2026-03-24 11:52:35,982 : INFO : Machine : Starting the main run loop with active modes: []
2026-03-24 11:52:35,982 : WARNING : Machine : Attract mode is not active, game will not be playable. Please check your attract mode configuration.
2026-03-24 11:52:35,982 : INFO : Machine : Shutting down...
2026-03-24 11:52:35,983 : INFO : EventManager : Event: ======'shutdown'====== Args={}
2026-03-24 11:52:36,985 : INFO : root : MPF run loop ended.
