2026-03-24 12:46:27,754 : INFO : root : Loading config.
2026-03-24 12:46:27,755 : INFO : YamlMultifileConfigLoader : Machine config file #1: config.yaml
2026-03-24 12:46:27,755 : INFO : ConfigProcessor : Loading config from cache: /var/folders/00/ylwc4t4x1nbgf6x1wcdqzzr00000gn/T/6ef940c6ab7b0c2f59ebf5d38ad480c3.mpf_cache
2026-03-24 12:46:27,768 : INFO : ConfigProcessor : Loading config from cache: /var/folders/00/ylwc4t4x1nbgf6x1wcdqzzr00000gn/T/5b21d643bbcfa2c42442c434f22cd97d.mpf_cache
2026-03-24 12:46:27,768 : INFO : ConfigProcessor : Loading config from cache: /var/folders/00/ylwc4t4x1nbgf6x1wcdqzzr00000gn/T/e766ef15c8ebb8a88437d16361e294d9.mpf_cache
2026-03-24 12:46:27,769 : INFO : ConfigProcessor : Loading config from cache: /var/folders/00/ylwc4t4x1nbgf6x1wcdqzzr00000gn/T/d2576bce98d56952440cbe709c7f6e8c.mpf_cache
2026-03-24 12:46:27,769 : INFO : ConfigProcessor : Loading config from cache: /var/folders/00/ylwc4t4x1nbgf6x1wcdqzzr00000gn/T/b9a2bd5c5abb74ce31c65de2d269b227.mpf_cache
2026-03-24 12:46:27,769 : INFO : ConfigProcessor : Loading config from cache: /var/folders/00/ylwc4t4x1nbgf6x1wcdqzzr00000gn/T/5b21d643bbcfa2c42442c434f22cd97d.mpf_cache
2026-03-24 12:46:27,769 : INFO : ConfigProcessor : Loading config from cache: /var/folders/00/ylwc4t4x1nbgf6x1wcdqzzr00000gn/T/f01e7b7fca6ca9107a6e148beb0bb465.mpf_cache
2026-03-24 12:46:27,769 : INFO : ConfigProcessor : Loading config from cache: /var/folders/00/ylwc4t4x1nbgf6x1wcdqzzr00000gn/T/186a879ba6a26b18395149aba63a2c98.mpf_cache
2026-03-24 12:46:27,769 : INFO : ConfigProcessor : Loading config from cache: /var/folders/00/ylwc4t4x1nbgf6x1wcdqzzr00000gn/T/1647016ef881cb2deaa01d07ae5b713e.mpf_cache
2026-03-24 12:46:27,769 : INFO : ConfigProcessor : Loading config from cache: /var/folders/00/ylwc4t4x1nbgf6x1wcdqzzr00000gn/T/d43033dd3e9a3733435930382b6fbc49.mpf_cache
2026-03-24 12:46:27,769 : INFO : ConfigProcessor : Loading config from cache: /var/folders/00/ylwc4t4x1nbgf6x1wcdqzzr00000gn/T/b355e365b6b2c84f432b447fce69a822.mpf_cache
2026-03-24 12:46:27,770 : INFO : ConfigProcessor : Loading config from cache: /var/folders/00/ylwc4t4x1nbgf6x1wcdqzzr00000gn/T/66ec8774fc541c7ee1a2e06f5c777bf0.mpf_cache
2026-03-24 12:46:27,770 : INFO : ConfigProcessor : Loading config from cache: /var/folders/00/ylwc4t4x1nbgf6x1wcdqzzr00000gn/T/e766ef15c8ebb8a88437d16361e294d9.mpf_cache
2026-03-24 12:46:27,770 : INFO : ConfigProcessor : Loading config from cache: /var/folders/00/ylwc4t4x1nbgf6x1wcdqzzr00000gn/T/645a4979106e77b2868f32095efbe7b2.mpf_cache
2026-03-24 12:46:27,770 : INFO : ConfigProcessor : Loading config from cache: /var/folders/00/ylwc4t4x1nbgf6x1wcdqzzr00000gn/T/9ddb3694027906a9cf750714782c2a12.mpf_cache
2026-03-24 12:46:27,770 : INFO : ConfigProcessor : Loading config from cache: /var/folders/00/ylwc4t4x1nbgf6x1wcdqzzr00000gn/T/31eaf118d9d3470795b16324c2006e3b.mpf_cache
2026-03-24 12:46:27,770 : INFO : ConfigProcessor : Loading config from cache: /var/folders/00/ylwc4t4x1nbgf6x1wcdqzzr00000gn/T/1302f1cce46838a9a7177aeeb95b2e4e.mpf_cache
2026-03-24 12:46:27,770 : INFO : ConfigProcessor : Loading config from cache: /var/folders/00/ylwc4t4x1nbgf6x1wcdqzzr00000gn/T/c1c566257c1b838d13982180df722eb6.mpf_cache
2026-03-24 12:46:27,770 : INFO : ConfigProcessor : Loading config from cache: /var/folders/00/ylwc4t4x1nbgf6x1wcdqzzr00000gn/T/4da8cfef71155e21eaa05d6e13abf7e2.mpf_cache
2026-03-24 12:46:27,770 : INFO : ConfigProcessor : Loading config from cache: /var/folders/00/ylwc4t4x1nbgf6x1wcdqzzr00000gn/T/3adf31510a21ae15ce8a3ff00711734a.mpf_cache
2026-03-24 12:46:27,770 : INFO : ConfigProcessor : Loading config from cache: /var/folders/00/ylwc4t4x1nbgf6x1wcdqzzr00000gn/T/1c5f7604b6bde53e223f8e9bb4958d4b.mpf_cache
2026-03-24 12:46:27,770 : INFO : ConfigProcessor : Loading config from cache: /var/folders/00/ylwc4t4x1nbgf6x1wcdqzzr00000gn/T/331be268843d78be71fff2bc8176e41b.mpf_cache
2026-03-24 12:46:27,770 : INFO : ConfigProcessor : Loading config from cache: /var/folders/00/ylwc4t4x1nbgf6x1wcdqzzr00000gn/T/2740911a7c8f4ec1179a8c5abf12be0b.mpf_cache
2026-03-24 12:46:27,770 : INFO : ConfigProcessor : Loading config from cache: /var/folders/00/ylwc4t4x1nbgf6x1wcdqzzr00000gn/T/ed254caf0fef1f2f62f45c7a7ee68877.mpf_cache
2026-03-24 12:46:27,771 : INFO : ConfigProcessor : Loading config from cache: /var/folders/00/ylwc4t4x1nbgf6x1wcdqzzr00000gn/T/b2b4781c6dcb84bebe70c6072e49581b.mpf_cache
2026-03-24 12:46:27,771 : INFO : ConfigProcessor : Loading config from cache: /var/folders/00/ylwc4t4x1nbgf6x1wcdqzzr00000gn/T/985f5bd17afe4079bf51ecb3022e65b1.mpf_cache
2026-03-24 12:46:27,771 : WARNING : ConfigProcessor : Config file in cache changed: /Users/kevin/Documents/antigravity_workspace/MPF_Joust_0.80.0/modes/attract/shows/./attract_display_loop.yaml
2026-03-24 12:46:27,771 : INFO : ConfigProcessor : Loading config from file /Users/kevin/Documents/antigravity_workspace/MPF_Joust_0.80.0/modes/attract/shows/./attract_display_loop.yaml.
2026-03-24 12:46:27,772 : INFO : ConfigProcessor : Loading config: /Users/kevin/Documents/antigravity_workspace/MPF_Joust_0.80.0/modes/attract/shows/./attract_display_loop.yaml
2026-03-24 12:46:27,772 : INFO : ConfigProcessor : Config file cache created: /var/folders/00/ylwc4t4x1nbgf6x1wcdqzzr00000gn/T/3d453eb5a32993145e4502ab8ea1d095.mpf_cache
2026-03-24 12:46:27,772 : INFO : ConfigProcessor : Loading config from cache: /var/folders/00/ylwc4t4x1nbgf6x1wcdqzzr00000gn/T/9aec55866a2611aafa535ca59d444135.mpf_cache
2026-03-24 12:46:27,772 : INFO : ConfigProcessor : Loading config from cache: /var/folders/00/ylwc4t4x1nbgf6x1wcdqzzr00000gn/T/cfc43d237dd9c25f8d622d1fc49994b1.mpf_cache
2026-03-24 12:46:27,772 : INFO : ConfigProcessor : Loading config from cache: /var/folders/00/ylwc4t4x1nbgf6x1wcdqzzr00000gn/T/819a83639dbf1a99a25fcbe259c98e5f.mpf_cache
2026-03-24 12:46:27,772 : INFO : ConfigProcessor : Loading config from cache: /var/folders/00/ylwc4t4x1nbgf6x1wcdqzzr00000gn/T/3c061fa857070782f33735eff5555367.mpf_cache
2026-03-24 12:46:27,772 : INFO : ConfigProcessor : Loading config from cache: /var/folders/00/ylwc4t4x1nbgf6x1wcdqzzr00000gn/T/dd1f0d015e80930ddb5e0246c3bcc345.mpf_cache
2026-03-24 12:46:27,772 : INFO : ConfigProcessor : Loading config from cache: /var/folders/00/ylwc4t4x1nbgf6x1wcdqzzr00000gn/T/964d1310dde4b8eb58cff7640aaa7752.mpf_cache
2026-03-24 12:46:27,772 : INFO : ConfigProcessor : Loading config from cache: /var/folders/00/ylwc4t4x1nbgf6x1wcdqzzr00000gn/T/7f8d1d4182b949a8ce472dde9c6590eb.mpf_cache
2026-03-24 12:46:27,772 : INFO : ConfigProcessor : Loading config from cache: /var/folders/00/ylwc4t4x1nbgf6x1wcdqzzr00000gn/T/cfab6f0f4bd169829b81a84027ff27d2.mpf_cache
2026-03-24 12:46:27,772 : INFO : ConfigProcessor : Loading config from cache: /var/folders/00/ylwc4t4x1nbgf6x1wcdqzzr00000gn/T/44df0c077db20bc46d3babfda5971984.mpf_cache
2026-03-24 12:46:27,773 : INFO : ConfigProcessor : Loading config from cache: /var/folders/00/ylwc4t4x1nbgf6x1wcdqzzr00000gn/T/d406361fade02764577fe5aba0397f38.mpf_cache
2026-03-24 12:46:27,773 : INFO : Machine : Mission Pinball Framework Core Engine v0.80.0.dev13
2026-03-24 12:46:27,773 : INFO : Machine : Command line arguments: {'no_load_cache': False, 'create_config_cache': True, 'bcp': True, 'configfile': ['config.yaml'], 'force_assets_load': False, 'platform_integration_test': False, 'jsonlogging': False, 'logfile': 'logs/2026-03-24-12-46-27-mpf-kdmbpro.local.log', 'pause': False, 'production': False, 'text_ui': True, 'loglevel': 15, 'consoleloglevel': 20, 'force_platform': 'smart_virtual', 'syslog_address': None, 'full_logfile_path': '/Users/kevin/Documents/antigravity_workspace/MPF_Joust_0.80.0/logs/2026-03-24-12-46-27-mpf-kdmbpro.local.log'}
2026-03-24 12:46:27,773 : INFO : Machine : MPF path: /Users/kevin/Library/Python/3.11/lib/python/site-packages/mpf
2026-03-24 12:46:27,773 : INFO : Machine : Machine path: /Users/kevin/Documents/antigravity_workspace/MPF_Joust_0.80.0
2026-03-24 12:46:27,773 : INFO : Machine : Platform: darwin
2026-03-24 12:46:27,773 : INFO : Machine : Python executable location: /Library/Frameworks/Python.framework/Versions/3.11/bin/python3
2026-03-24 12:46:27,773 : INFO : Machine : Python version: 3.11.1 (64-bit)
2026-03-24 12:46:27,773 : INFO : Machine : Initializing MPF...
2026-03-24 12:46:27,788 : INFO : EventManager : Event: ======'machine_var_credits_string'====== Args={'value': 'FREE PLAY', 'prev_value': None, 'change': True}
2026-03-24 12:46:27,790 : INFO : EventManager : Event: ======'machine_var_master_volume'====== Args={'value': 0.5, 'prev_value': None, 'change': True}
2026-03-24 12:46:27,790 : INFO : EventManager : Event: ======'machine_var_p1_score'====== Args={'value': 0, 'prev_value': None, 'change': True}
2026-03-24 12:46:27,790 : INFO : EventManager : Event: ======'machine_var_p2_score'====== Args={'value': 0, 'prev_value': None, 'change': True}
2026-03-24 12:46:27,790 : INFO : EventManager : Event: ======'machine_var_total_score'====== Args={'value': 0, 'prev_value': None, 'change': True}
2026-03-24 12:46:27,790 : INFO : EventManager : Event: ======'machine_var_mpf_version'====== Args={'value': 'Mission Pinball Framework v0.80.0.dev13', 'prev_value': None, 'change': True}
2026-03-24 12:46:27,790 : INFO : EventManager : Event: ======'machine_var_mpf_extended_version'====== Args={'value': 'Mission Pinball Framework v0.80.0.dev13, Config version:6, Show version: 6, BCP version:1.1', 'prev_value': None, 'change': True}
2026-03-24 12:46:27,790 : INFO : EventManager : Event: ======'machine_var_python_version'====== Args={'value': '3.11.1', 'prev_value': None, 'change': True}
2026-03-24 12:46:27,796 : INFO : EventManager : Event: ======'machine_var_platform'====== Args={'value': 'macOS-26.3.1-arm64-arm-64bit', 'prev_value': None, 'change': True}
2026-03-24 12:46:27,796 : INFO : EventManager : Event: ======'machine_var_platform_system'====== Args={'value': 'Darwin', 'prev_value': None, 'change': True}
2026-03-24 12:46:27,796 : INFO : EventManager : Event: ======'machine_var_platform_release'====== Args={'value': '25.3.0', 'prev_value': None, 'change': True}
2026-03-24 12:46:27,796 : INFO : EventManager : Event: ======'machine_var_platform_version'====== Args={'value': 'Darwin Kernel Version 25.3.0: Wed Jan 28 20:51:28 PST 2026; root:xnu-12377.91.3~2/RELEASE_ARM64_T6041', 'prev_value': None, 'change': True}
2026-03-24 12:46:27,796 : INFO : EventManager : Event: ======'machine_var_platform_machine'====== Args={'value': 'arm64', 'prev_value': None, 'change': True}
2026-03-24 12:46:27,796 : INFO : EventManager : Event: ======'machine_var_log_file_path'====== Args={'value': '/Users/kevin/Documents/antigravity_workspace/MPF_Joust_0.80.0/logs/2026-03-24-12-46-27-mpf-kdmbpro.local.log', 'prev_value': None, 'change': True}
2026-03-24 12:46:27,796 : INFO : EventManager : Event: ======'init_phase_1'====== Args={}
2026-03-24 12:46:27,899 : INFO : EventManager : Event: ======'drop_target_bank_p1_l_3bank_up'====== Args={}
2026-03-24 12:46:27,899 : INFO : EventManager : Event: ======'drop_target_bank_p1_r_3bank_up'====== Args={}
2026-03-24 12:46:27,899 : INFO : EventManager : Event: ======'drop_target_bank_p2_l_3bank_up'====== Args={}
2026-03-24 12:46:27,899 : INFO : EventManager : Event: ======'drop_target_bank_p2_r_3bank_up'====== Args={}
2026-03-24 12:46:27,899 : INFO : EventManager : Event: ======'init_phase_2'====== Args={}
2026-03-24 12:46:27,900 : INFO : SwitchController : Found active switch: ('A1-B1-2', <Platform.SmartVirtual>) <switch.s_p1_trough2>
2026-03-24 12:46:27,900 : INFO : SwitchController : Found active switch: ('A1-B1-3', <Platform.SmartVirtual>) <switch.s_p1_trough1>
2026-03-24 12:46:27,900 : INFO : SwitchController : Found active switch: ('A3-B1-2', <Platform.SmartVirtual>) <switch.s_p2_trough2>
2026-03-24 12:46:27,900 : INFO : SwitchController : Found active switch: ('A3-B1-3', <Platform.SmartVirtual>) <switch.s_p2_trough1>
2026-03-24 12:46:27,908 : INFO : EventManager : Event: ======'bcp_connection_attempt'====== Args={'name': 'local_display', 'host': 'localhost', 'port': 5050}
2026-03-24 12:46:27,908 : INFO : BCPClientSocket : Connecting BCP to 'local_display' at localhost:5050...
2026-03-24 12:46:46,037 : INFO : BCPClientSocket : Connected BCP to 'local_display' localhost:5050
2026-03-24 12:46:46,037 : INFO : EventManager : Event: ======'bcp_clients_connected'====== Args={}
2026-03-24 12:46:46,040 : INFO : ball_device.bd_no_default : BCH: Initial count: 0
2026-03-24 12:46:46,040 : INFO : ball_device.bd_no_default : State: idle
2026-03-24 12:46:46,041 : INFO : ball_device.bd_trough_front : BCH: Initial count: 2
2026-03-24 12:46:46,041 : INFO : ball_device.bd_trough_front : State: idle
2026-03-24 12:46:46,041 : INFO : ball_device.bd_launcher_front : BCH: Initial count: 0
2026-03-24 12:46:46,042 : INFO : ball_device.bd_launcher_front : State: idle
2026-03-24 12:46:46,042 : INFO : ball_device.bd_p1_eject_hole : BCH: Initial count: 0
2026-03-24 12:46:46,042 : INFO : ball_device.bd_p1_eject_hole : State: idle
2026-03-24 12:46:46,043 : INFO : ball_device.bd_trough_back : BCH: Initial count: 2
2026-03-24 12:46:46,043 : INFO : ball_device.bd_trough_back : State: idle
2026-03-24 12:46:46,044 : INFO : ball_device.bd_launcher_back : BCH: Initial count: 0
2026-03-24 12:46:46,044 : INFO : ball_device.bd_launcher_back : State: idle
2026-03-24 12:46:46,044 : INFO : ball_device.bd_p2_eject_hole : BCH: Initial count: 0
2026-03-24 12:46:46,044 : INFO : ball_device.bd_p2_eject_hole : State: idle
2026-03-24 12:46:46,053 : INFO : EventManager : Event: ======'init_phase_3'====== Args={}
2026-03-24 12:46:46,063 : ERROR : asyncio : Exception in callback EventManager._queue_task_done(<Task finishe...:" instead?')>)
handle: <Handle EventManager._queue_task_done(<Task finishe...:" instead?')>)>
Traceback (most recent call last):
  File "/Library/Frameworks/Python.framework/Versions/3.11/lib/python3.11/asyncio/events.py", line 80, in _run
    self._context.run(self._callback, *self._args)
  File "/Users/kevin/Library/Python/3.11/lib/python/site-packages/mpf/core/events.py", line 795, in _queue_task_done
    future.result()
  File "/Users/kevin/Library/Python/3.11/lib/python/site-packages/mpf/core/events.py", line 708, in _run_handlers_sequential
    handler.callback(queue=queue, **merged_kwargs)
  File "/Users/kevin/Library/Python/3.11/lib/python/site-packages/mpf/core/show_controller.py", line 53, in _load_shows
    self.machine.shows[show_name].load(show_config)
  File "/Users/kevin/Library/Python/3.11/lib/python/site-packages/mpf/assets/show.py", line 171, in load
    self._process_step_actions(step, actions)
  File "/Users/kevin/Library/Python/3.11/lib/python/site-packages/mpf/assets/show.py", line 207, in _process_step_actions
    self._show_validation_error(
  File "/Users/kevin/Library/Python/3.11/lib/python/site-packages/mpf/assets/show.py", line 184, in _show_validation_error
    raise ConfigFileError('"{}" >> {}'.format(self.name, msg), error_code, "show", self.name)
mpf.exceptions.config_file_error.ConfigFileError: Config File Error in show: "attract_display_loop" >> Invalid section "slide_player:" found. Did you mean "slides:" instead? Context: attract_display_loop Error Code: CFE-show-3 (https://missionpinball.org/latest/logs)
2026-03-24 12:46:46,064 : INFO : Machine : Starting the main run loop with active modes: []
2026-03-24 12:46:46,064 : WARNING : Machine : Attract mode is not active, game will not be playable. Please check your attract mode configuration.
2026-03-24 12:46:46,064 : INFO : Machine : Shutting down...
2026-03-24 12:46:46,064 : INFO : EventManager : Event: ======'shutdown'====== Args={}
2026-03-24 12:46:47,067 : ERROR : Machine : Runtime Exception
Traceback (most recent call last):
  File "/Users/kevin/Library/Python/3.11/lib/python/site-packages/mpf/core/machine.py", line 810, in _run_loop
    raise self._exception['exception']
  File "/Library/Frameworks/Python.framework/Versions/3.11/lib/python3.11/asyncio/events.py", line 80, in _run
    self._context.run(self._callback, *self._args)
  File "/Users/kevin/Library/Python/3.11/lib/python/site-packages/mpf/core/events.py", line 795, in _queue_task_done
    future.result()
  File "/Users/kevin/Library/Python/3.11/lib/python/site-packages/mpf/core/events.py", line 708, in _run_handlers_sequential
    handler.callback(queue=queue, **merged_kwargs)
  File "/Users/kevin/Library/Python/3.11/lib/python/site-packages/mpf/core/show_controller.py", line 53, in _load_shows
    self.machine.shows[show_name].load(show_config)
  File "/Users/kevin/Library/Python/3.11/lib/python/site-packages/mpf/assets/show.py", line 171, in load
    self._process_step_actions(step, actions)
  File "/Users/kevin/Library/Python/3.11/lib/python/site-packages/mpf/assets/show.py", line 207, in _process_step_actions
    self._show_validation_error(
  File "/Users/kevin/Library/Python/3.11/lib/python/site-packages/mpf/assets/show.py", line 184, in _show_validation_error
    raise ConfigFileError('"{}" >> {}'.format(self.name, msg), error_code, "show", self.name)
mpf.exceptions.config_file_error.ConfigFileError: Config File Error in show: "attract_display_loop" >> Invalid section "slide_player:" found. Did you mean "slides:" instead? Context: attract_display_loop Error Code: CFE-show-3 (https://missionpinball.org/latest/logs)
2026-03-24 12:46:47,114 : INFO : crash_reporter : Will not report crash as "report_crashes" mode is "never"
2026-03-24 12:46:47,115 : INFO : root : MPF run loop ended.
